Determining if the pthread_create exist failed with the following output:
Change Dir: /home/burak/git-ws/kalman_filter/CarND-Extended-Kalman-Filter-Project/cmake-build-debug/CMakeFiles/CMakeTmp

Run Build Command:"/usr/bin/make" "cmTC_1fa72/fast"
make[1]: Entering directory '/home/burak/git-ws/kalman_filter/CarND-Extended-Kalman-Filter-Project/cmake-build-debug/CMakeFiles/CMakeTmp'
/usr/bin/make -f CMakeFiles/cmTC_1fa72.dir/build.make CMakeFiles/cmTC_1fa72.dir/build
make[2]: Entering directory '/home/burak/git-ws/kalman_filter/CarND-Extended-Kalman-Filter-Project/cmake-build-debug/CMakeFiles/CMakeTmp'
Building C object CMakeFiles/cmTC_1fa72.dir/CheckSymbolExists.c.o
/usr/bin/cc     -o CMakeFiles/cmTC_1fa72.dir/CheckSymbolExists.c.o   -c /home/burak/git-ws/kalman_filter/CarND-Extended-Kalman-Filter-Project/cmake-build-debug/CMakeFiles/CMakeTmp/CheckSymbolExists.c
Linking C executable cmTC_1fa72
/home/burak/clion-2017.1.1/bin/cmake/bin/cmake -E cmake_link_script CMakeFiles/cmTC_1fa72.dir/link.txt --verbose=1
/usr/bin/cc       CMakeFiles/cmTC_1fa72.dir/CheckSymbolExists.c.o  -o cmTC_1fa72 
CMakeFiles/cmTC_1fa72.dir/CheckSymbolExists.c.o: In function `main':
CheckSymbolExists.c:(.text+0x16): undefined reference to `pthread_create'
collect2: error: ld returned 1 exit status
CMakeFiles/cmTC_1fa72.dir/build.make:97: recipe for target 'cmTC_1fa72' failed
make[2]: *** [cmTC_1fa72] Error 1
make[2]: Leaving directory '/home/burak/git-ws/kalman_filter/CarND-Extended-Kalman-Filter-Project/cmake-build-debug/CMakeFiles/CMakeTmp'
Makefile:126: recipe for target 'cmTC_1fa72/fast' failed
make[1]: *** [cmTC_1fa72/fast] Error 2
make[1]: Leaving directory '/home/burak/git-ws/kalman_filter/CarND-Extended-Kalman-Filter-Project/cmake-build-debug/CMakeFiles/CMakeTmp'

File /home/burak/git-ws/kalman_filter/CarND-Extended-Kalman-Filter-Project/cmake-build-debug/CMakeFiles/CMakeTmp/CheckSymbolExists.c:
/* */
#include <pthread.h>

int main(int argc, char** argv)
{
  (void)argv;
#ifndef pthread_create
  return ((int*)(&pthread_create))[argc];
#else
  (void)argc;
  return 0;
#endif
}

Determining if the function pthread_create exists in the pthreads failed with the following output:
Change Dir: /home/burak/git-ws/kalman_filter/CarND-Extended-Kalman-Filter-Project/cmake-build-debug/CMakeFiles/CMakeTmp

Run Build Command:"/usr/bin/make" "cmTC_bc0f8/fast"
make[1]: Entering directory '/home/burak/git-ws/kalman_filter/CarND-Extended-Kalman-Filter-Project/cmake-build-debug/CMakeFiles/CMakeTmp'
/usr/bin/make -f CMakeFiles/cmTC_bc0f8.dir/build.make CMakeFiles/cmTC_bc0f8.dir/build
make[2]: Entering directory '/home/burak/git-ws/kalman_filter/CarND-Extended-Kalman-Filter-Project/cmake-build-debug/CMakeFiles/CMakeTmp'
Building C object CMakeFiles/cmTC_bc0f8.dir/CheckFunctionExists.c.o
/usr/bin/cc    -DCHECK_FUNCTION_EXISTS=pthread_create   -o CMakeFiles/cmTC_bc0f8.dir/CheckFunctionExists.c.o   -c /home/burak/clion-2017.1.1/bin/cmake/share/cmake-3.7/Modules/CheckFunctionExists.c
Linking C executable cmTC_bc0f8
/home/burak/clion-2017.1.1/bin/cmake/bin/cmake -E cmake_link_script CMakeFiles/cmTC_bc0f8.dir/link.txt --verbose=1
/usr/bin/cc   -DCHECK_FUNCTION_EXISTS=pthread_create    CMakeFiles/cmTC_bc0f8.dir/CheckFunctionExists.c.o  -o cmTC_bc0f8 -lpthreads 
/usr/bin/ld: cannot find -lpthreads
collect2: error: ld returned 1 exit status
CMakeFiles/cmTC_bc0f8.dir/build.make:97: recipe for target 'cmTC_bc0f8' failed
make[2]: *** [cmTC_bc0f8] Error 1
make[2]: Leaving directory '/home/burak/git-ws/kalman_filter/CarND-Extended-Kalman-Filter-Project/cmake-build-debug/CMakeFiles/CMakeTmp'
Makefile:126: recipe for target 'cmTC_bc0f8/fast' failed
make[1]: *** [cmTC_bc0f8/fast] Error 2
make[1]: Leaving directory '/home/burak/git-ws/kalman_filter/CarND-Extended-Kalman-Filter-Project/cmake-build-debug/CMakeFiles/CMakeTmp'


